[debug] [2024-09-14T10:40:32.413Z] ----------------------------------------------------------------------
[debug] [2024-09-14T10:40:32.416Z] Command:       C:\Program Files\nodejs\node.exe C:\Users\asus\AppData\Roaming\npm\node_modules\firebase-tools\lib\bin\firebase.js login
[debug] [2024-09-14T10:40:32.416Z] CLI Version:   13.17.0
[debug] [2024-09-14T10:40:32.416Z] Platform:      win32
[debug] [2024-09-14T10:40:32.416Z] Node Version:  v20.11.0
[debug] [2024-09-14T10:40:32.416Z] Time:          Sat Sep 14 2024 16:10:32 GMT+0530 (India Standard Time)
[debug] [2024-09-14T10:40:32.416Z] ----------------------------------------------------------------------
[debug] 
[info] i  Firebase optionally collects CLI and Emulator Suite usage and error reporting information to help improve our products. Data is collected in accordance with Google's privacy policy (https://policies.google.com/privacy) and is not used to identify you.
 
[info] i  To change your data collection preference at any time, run `firebase logout` and log in again. 
[info] 
[info] Visit this URL on this device to log in:
[info] https://accounts.google.com/o/oauth2/auth?client_id=563584335869-fgrhgmd47bqnekij5i8b5pr03ho849e6.apps.googleusercontent.com&scope=email%20openid%20https%3A%2F%2Fwww.googleapis.com%2Fauth%2Fcloudplatformprojects.readonly%20https%3A%2F%2Fwww.googleapis.com%2Fauth%2Ffirebase%20https%3A%2F%2Fwww.googleapis.com%2Fauth%2Fcloud-platform&response_type=code&state=54147513&redirect_uri=http%3A%2F%2Flocalhost%3A9005
[info] 
[info] Waiting for authentication...
[debug] [2024-09-14T10:59:14.243Z] ----------------------------------------------------------------------
[debug] [2024-09-14T10:59:14.252Z] Command:       C:\Program Files\nodejs\node.exe C:\Users\asus\AppData\Roaming\npm\node_modules\firebase-tools\lib\bin\firebase.js login
[debug] [2024-09-14T10:59:14.253Z] CLI Version:   13.17.0
[debug] [2024-09-14T10:59:14.253Z] Platform:      win32
[debug] [2024-09-14T10:59:14.254Z] Node Version:  v20.11.0
[debug] [2024-09-14T10:59:14.254Z] Time:          Sat Sep 14 2024 16:29:14 GMT+0530 (India Standard Time)
[debug] [2024-09-14T10:59:14.255Z] ----------------------------------------------------------------------
[debug] 
[info] i  Firebase optionally collects CLI and Emulator Suite usage and error reporting information to help improve our products. Data is collected in accordance with Google's privacy policy (https://policies.google.com/privacy) and is not used to identify you.
 
[info] i  To change your data collection preference at any time, run `firebase logout` and log in again. 
[info] 
[info] Visit this URL on this device to log in:
[info] https://accounts.google.com/o/oauth2/auth?client_id=563584335869-fgrhgmd47bqnekij5i8b5pr03ho849e6.apps.googleusercontent.com&scope=email%20openid%20https%3A%2F%2Fwww.googleapis.com%2Fauth%2Fcloudplatformprojects.readonly%20https%3A%2F%2Fwww.googleapis.com%2Fauth%2Ffirebase%20https%3A%2F%2Fwww.googleapis.com%2Fauth%2Fcloud-platform&response_type=code&state=123922461&redirect_uri=http%3A%2F%2Flocalhost%3A9005
[info] 
[info] Waiting for authentication...
